[6_4_2018_12:34:18] {SEVERE} BOTSESSION - java.lang.NullPointerException
	at com.BusBot.DbConnect.CloseDB(DbConnect.java:72)
	at com.BusBot.Bot.handleIncomingMessage(Bot.java:50)
	at com.BusBot.Bot.onUpdateReceived(Bot.java:27)
	at java.base/java.util.ArrayList.forEach(ArrayList.java:1378)
	at org.telegram.telegrambots.generics.LongPollingBot.onUpdatesReceived(LongPollingBot.java:27)
	at org.telegram.telegrambots.updatesreceivers.DefaultBotSession$HandlerThread.run(DefaultBotSession.java:311)
[6_4_2018_12:43:32] {SEVERE} BOTSESSION - java.lang.NullPointerException
	at com.BusBot.DbConnect.CloseDB(DbConnect.java:72)
	at com.BusBot.Bot.messageOnBusMenu(Bot.java:72)
	at com.BusBot.Bot.handleIncomingMessage(Bot.java:43)
	at com.BusBot.Bot.onUpdateReceived(Bot.java:27)
	at java.base/java.util.ArrayList.forEach(ArrayList.java:1378)
	at org.telegram.telegrambots.generics.LongPollingBot.onUpdatesReceived(LongPollingBot.java:27)
	at org.telegram.telegrambots.updatesreceivers.DefaultBotSession$HandlerThread.run(DefaultBotSession.java:311)
[7_4_2018_12:11:56] {SEVERE} BOTSESSION - java.lang.IndexOutOfBoundsException: Index 115 out-of-bounds for length 115
	at java.base/jdk.internal.util.Preconditions.outOfBounds(Preconditions.java:64)
	at java.base/jdk.internal.util.Preconditions.outOfBoundsCheckIndex(Preconditions.java:70)
	at java.base/jdk.internal.util.Preconditions.checkIndex(Preconditions.java:248)
	at java.base/java.util.Objects.checkIndex(Objects.java:372)
	at java.base/java.util.ArrayList.get(ArrayList.java:440)
	at com.BusBot.Bot.handleIncomingMessage(Bot.java:56)
	at com.BusBot.Bot.onUpdateReceived(Bot.java:29)
	at java.base/java.util.ArrayList.forEach(ArrayList.java:1378)
	at org.telegram.telegrambots.generics.LongPollingBot.onUpdatesReceived(LongPollingBot.java:27)
	at org.telegram.telegrambots.updatesreceivers.DefaultBotSession$HandlerThread.run(DefaultBotSession.java:311)
[7_4_2018_12:28:30] {SEVERE} BOTSESSION - java.lang.IndexOutOfBoundsException: Index 115 out-of-bounds for length 115
	at java.base/jdk.internal.util.Preconditions.outOfBounds(Preconditions.java:64)
	at java.base/jdk.internal.util.Preconditions.outOfBoundsCheckIndex(Preconditions.java:70)
	at java.base/jdk.internal.util.Preconditions.checkIndex(Preconditions.java:248)
	at java.base/java.util.Objects.checkIndex(Objects.java:372)
	at java.base/java.util.ArrayList.get(ArrayList.java:440)
	at com.BusBot.Bot.handleIncomingMessage(Bot.java:56)
	at com.BusBot.Bot.onUpdateReceived(Bot.java:29)
	at java.base/java.util.ArrayList.forEach(ArrayList.java:1378)
	at org.telegram.telegrambots.generics.LongPollingBot.onUpdatesReceived(LongPollingBot.java:27)
	at org.telegram.telegrambots.updatesreceivers.DefaultBotSession$HandlerThread.run(DefaultBotSession.java:311)
[7_4_2018_19:47:44] {SEVERE} BOTSESSION - java.lang.IndexOutOfBoundsException: Index 3 out-of-bounds for length 3
	at java.base/jdk.internal.util.Preconditions.outOfBounds(Preconditions.java:64)
	at java.base/jdk.internal.util.Preconditions.outOfBoundsCheckIndex(Preconditions.java:70)
	at java.base/jdk.internal.util.Preconditions.checkIndex(Preconditions.java:248)
	at java.base/java.util.Objects.checkIndex(Objects.java:372)
	at java.base/java.util.ArrayList.get(ArrayList.java:440)
	at com.BusBot.Parser.GetTimesAB(Parser.java:55)
	at com.BusBot.Bot.handleIncomingMessage(Bot.java:61)
	at com.BusBot.Bot.onUpdateReceived(Bot.java:31)
	at java.base/java.util.ArrayList.forEach(ArrayList.java:1378)
	at org.telegram.telegrambots.generics.LongPollingBot.onUpdatesReceived(LongPollingBot.java:27)
	at org.telegram.telegrambots.updatesreceivers.DefaultBotSession$HandlerThread.run(DefaultBotSession.java:311)
[7_4_2018_19:48:59] {SEVERE} BOTSESSION - java.lang.IndexOutOfBoundsException: Index 3 out-of-bounds for length 3
	at java.base/jdk.internal.util.Preconditions.outOfBounds(Preconditions.java:64)
	at java.base/jdk.internal.util.Preconditions.outOfBoundsCheckIndex(Preconditions.java:70)
	at java.base/jdk.internal.util.Preconditions.checkIndex(Preconditions.java:248)
	at java.base/java.util.Objects.checkIndex(Objects.java:372)
	at java.base/java.util.ArrayList.get(ArrayList.java:440)
	at com.BusBot.Parser.GetTimesAB(Parser.java:55)
	at com.BusBot.Bot.handleIncomingMessage(Bot.java:61)
	at com.BusBot.Bot.onUpdateReceived(Bot.java:31)
	at java.base/java.util.ArrayList.forEach(ArrayList.java:1378)
	at org.telegram.telegrambots.generics.LongPollingBot.onUpdatesReceived(LongPollingBot.java:27)
	at org.telegram.telegrambots.updatesreceivers.DefaultBotSession$HandlerThread.run(DefaultBotSession.java:311)
[7_4_2018_19:49:50] {SEVERE} BOTSESSION - java.lang.IndexOutOfBoundsException: Index 3 out-of-bounds for length 3
	at java.base/jdk.internal.util.Preconditions.outOfBounds(Preconditions.java:64)
	at java.base/jdk.internal.util.Preconditions.outOfBoundsCheckIndex(Preconditions.java:70)
	at java.base/jdk.internal.util.Preconditions.checkIndex(Preconditions.java:248)
	at java.base/java.util.Objects.checkIndex(Objects.java:372)
	at java.base/java.util.ArrayList.get(ArrayList.java:440)
	at com.BusBot.Parser.GetTimesAB(Parser.java:55)
	at com.BusBot.Bot.handleIncomingMessage(Bot.java:61)
	at com.BusBot.Bot.onUpdateReceived(Bot.java:31)
	at java.base/java.util.ArrayList.forEach(ArrayList.java:1378)
	at org.telegram.telegrambots.generics.LongPollingBot.onUpdatesReceived(LongPollingBot.java:27)
	at org.telegram.telegrambots.updatesreceivers.DefaultBotSession$HandlerThread.run(DefaultBotSession.java:311)
[7_4_2018_19:50:3] {SEVERE} BOTSESSION - java.lang.IndexOutOfBoundsException: Index 3 out-of-bounds for length 3
	at java.base/jdk.internal.util.Preconditions.outOfBounds(Preconditions.java:64)
	at java.base/jdk.internal.util.Preconditions.outOfBoundsCheckIndex(Preconditions.java:70)
	at java.base/jdk.internal.util.Preconditions.checkIndex(Preconditions.java:248)
	at java.base/java.util.Objects.checkIndex(Objects.java:372)
	at java.base/java.util.ArrayList.get(ArrayList.java:440)
	at com.BusBot.Parser.GetTimesAB(Parser.java:55)
	at com.BusBot.Bot.handleIncomingMessage(Bot.java:61)
	at com.BusBot.Bot.onUpdateReceived(Bot.java:31)
	at java.base/java.util.ArrayList.forEach(ArrayList.java:1378)
	at org.telegram.telegrambots.generics.LongPollingBot.onUpdatesReceived(LongPollingBot.java:27)
	at org.telegram.telegrambots.updatesreceivers.DefaultBotSession$HandlerThread.run(DefaultBotSession.java:311)
[7_4_2018_19:51:19] {SEVERE} BOTSESSION - java.lang.IndexOutOfBoundsException: Index 3 out-of-bounds for length 3
	at java.base/jdk.internal.util.Preconditions.outOfBounds(Preconditions.java:64)
	at java.base/jdk.internal.util.Preconditions.outOfBoundsCheckIndex(Preconditions.java:70)
	at java.base/jdk.internal.util.Preconditions.checkIndex(Preconditions.java:248)
	at java.base/java.util.Objects.checkIndex(Objects.java:372)
	at java.base/java.util.ArrayList.get(ArrayList.java:440)
	at com.BusBot.Parser.GetTimesAB(Parser.java:55)
	at com.BusBot.Bot.handleIncomingMessage(Bot.java:61)
	at com.BusBot.Bot.onUpdateReceived(Bot.java:31)
	at java.base/java.util.ArrayList.forEach(ArrayList.java:1378)
	at org.telegram.telegrambots.generics.LongPollingBot.onUpdatesReceived(LongPollingBot.java:27)
	at org.telegram.telegrambots.updatesreceivers.DefaultBotSession$HandlerThread.run(DefaultBotSession.java:311)
[7_4_2018_19:51:39] {SEVERE} BOTSESSION - java.lang.IndexOutOfBoundsException: Index 64 out-of-bounds for length 64
	at java.base/jdk.internal.util.Preconditions.outOfBounds(Preconditions.java:64)
	at java.base/jdk.internal.util.Preconditions.outOfBoundsCheckIndex(Preconditions.java:70)
	at java.base/jdk.internal.util.Preconditions.checkIndex(Preconditions.java:248)
	at java.base/java.util.Objects.checkIndex(Objects.java:372)
	at java.base/java.util.ArrayList.get(ArrayList.java:440)
	at com.BusBot.Bot.handleIncomingMessage(Bot.java:79)
	at com.BusBot.Bot.onUpdateReceived(Bot.java:31)
	at java.base/java.util.ArrayList.forEach(ArrayList.java:1378)
	at org.telegram.telegrambots.generics.LongPollingBot.onUpdatesReceived(LongPollingBot.java:27)
	at org.telegram.telegrambots.updatesreceivers.DefaultBotSession$HandlerThread.run(DefaultBotSession.java:311)
[7_4_2018_19:51:54] {SEVERE} BOTSESSION - java.lang.IndexOutOfBoundsException: Index 64 out-of-bounds for length 64
	at java.base/jdk.internal.util.Preconditions.outOfBounds(Preconditions.java:64)
	at java.base/jdk.internal.util.Preconditions.outOfBoundsCheckIndex(Preconditions.java:70)
	at java.base/jdk.internal.util.Preconditions.checkIndex(Preconditions.java:248)
	at java.base/java.util.Objects.checkIndex(Objects.java:372)
	at java.base/java.util.ArrayList.get(ArrayList.java:440)
	at com.BusBot.Bot.handleIncomingMessage(Bot.java:79)
	at com.BusBot.Bot.onUpdateReceived(Bot.java:31)
	at java.base/java.util.ArrayList.forEach(ArrayList.java:1378)
	at org.telegram.telegrambots.generics.LongPollingBot.onUpdatesReceived(LongPollingBot.java:27)
	at org.telegram.telegrambots.updatesreceivers.DefaultBotSession$HandlerThread.run(DefaultBotSession.java:311)
[7_4_2018_19:52:26] {SEVERE} BOTSESSION - java.lang.IndexOutOfBoundsException: Index 64 out-of-bounds for length 64
	at java.base/jdk.internal.util.Preconditions.outOfBounds(Preconditions.java:64)
	at java.base/jdk.internal.util.Preconditions.outOfBoundsCheckIndex(Preconditions.java:70)
	at java.base/jdk.internal.util.Preconditions.checkIndex(Preconditions.java:248)
	at java.base/java.util.Objects.checkIndex(Objects.java:372)
	at java.base/java.util.ArrayList.get(ArrayList.java:440)
	at com.BusBot.Bot.handleIncomingMessage(Bot.java:79)
	at com.BusBot.Bot.onUpdateReceived(Bot.java:31)
	at java.base/java.util.ArrayList.forEach(ArrayList.java:1378)
	at org.telegram.telegrambots.generics.LongPollingBot.onUpdatesReceived(LongPollingBot.java:27)
	at org.telegram.telegrambots.updatesreceivers.DefaultBotSession$HandlerThread.run(DefaultBotSession.java:311)
[7_4_2018_22:0:11] {SEVERE} BOTSESSION - java.lang.IndexOutOfBoundsException: Index 3 out-of-bounds for length 3
	at java.base/jdk.internal.util.Preconditions.outOfBounds(Preconditions.java:64)
	at java.base/jdk.internal.util.Preconditions.outOfBoundsCheckIndex(Preconditions.java:70)
	at java.base/jdk.internal.util.Preconditions.checkIndex(Preconditions.java:248)
	at java.base/java.util.Objects.checkIndex(Objects.java:372)
	at java.base/java.util.ArrayList.get(ArrayList.java:440)
	at com.BusBot.Parser.GetTimesAB(Parser.java:55)
	at com.BusBot.Bot.handleIncomingMessage(Bot.java:61)
	at com.BusBot.Bot.onUpdateReceived(Bot.java:31)
	at java.base/java.util.ArrayList.forEach(ArrayList.java:1378)
	at org.telegram.telegrambots.generics.LongPollingBot.onUpdatesReceived(LongPollingBot.java:27)
	at org.telegram.telegrambots.updatesreceivers.DefaultBotSession$HandlerThread.run(DefaultBotSession.java:311)
[7_4_2018_22:0:28] {SEVERE} BOTSESSION - java.lang.IndexOutOfBoundsException: Index 3 out-of-bounds for length 3
	at java.base/jdk.internal.util.Preconditions.outOfBounds(Preconditions.java:64)
	at java.base/jdk.internal.util.Preconditions.outOfBoundsCheckIndex(Preconditions.java:70)
	at java.base/jdk.internal.util.Preconditions.checkIndex(Preconditions.java:248)
	at java.base/java.util.Objects.checkIndex(Objects.java:372)
	at java.base/java.util.ArrayList.get(ArrayList.java:440)
	at com.BusBot.Parser.GetTimesAB(Parser.java:55)
	at com.BusBot.Bot.handleIncomingMessage(Bot.java:61)
	at com.BusBot.Bot.onUpdateReceived(Bot.java:31)
	at java.base/java.util.ArrayList.forEach(ArrayList.java:1378)
	at org.telegram.telegrambots.generics.LongPollingBot.onUpdatesReceived(LongPollingBot.java:27)
	at org.telegram.telegrambots.updatesreceivers.DefaultBotSession$HandlerThread.run(DefaultBotSession.java:311)
[7_4_2018_22:4:58] {SEVERE} BOTSESSION - java.lang.IndexOutOfBoundsException: Index 1 out-of-bounds for length 0
	at java.base/jdk.internal.util.Preconditions.outOfBounds(Preconditions.java:64)
	at java.base/jdk.internal.util.Preconditions.outOfBoundsCheckIndex(Preconditions.java:70)
	at java.base/jdk.internal.util.Preconditions.checkIndex(Preconditions.java:248)
	at java.base/java.util.Objects.checkIndex(Objects.java:372)
	at java.base/java.util.ArrayList.get(ArrayList.java:440)
	at com.BusBot.Parser.GetTimesAB(Parser.java:55)
	at com.BusBot.Bot.handleIncomingMessage(Bot.java:61)
	at com.BusBot.Bot.onUpdateReceived(Bot.java:31)
	at java.base/java.util.ArrayList.forEach(ArrayList.java:1378)
	at org.telegram.telegrambots.generics.LongPollingBot.onUpdatesReceived(LongPollingBot.java:27)
	at org.telegram.telegrambots.updatesreceivers.DefaultBotSession$HandlerThread.run(DefaultBotSession.java:311)
[7_4_2018_22:7:54] {SEVERE} BOTSESSION - java.lang.IndexOutOfBoundsException: Index 3 out-of-bounds for length 3
	at java.base/jdk.internal.util.Preconditions.outOfBounds(Preconditions.java:64)
	at java.base/jdk.internal.util.Preconditions.outOfBoundsCheckIndex(Preconditions.java:70)
	at java.base/jdk.internal.util.Preconditions.checkIndex(Preconditions.java:248)
	at java.base/java.util.Objects.checkIndex(Objects.java:372)
	at java.base/java.util.ArrayList.get(ArrayList.java:440)
	at com.BusBot.Parser.GetTimesAB(Parser.java:55)
	at com.BusBot.Bot.handleIncomingMessage(Bot.java:61)
	at com.BusBot.Bot.onUpdateReceived(Bot.java:31)
	at java.base/java.util.ArrayList.forEach(ArrayList.java:1378)
	at org.telegram.telegrambots.generics.LongPollingBot.onUpdatesReceived(LongPollingBot.java:27)
	at org.telegram.telegrambots.updatesreceivers.DefaultBotSession$HandlerThread.run(DefaultBotSession.java:311)
[7_4_2018_22:8:37] {SEVERE} BOTSESSION - java.lang.IndexOutOfBoundsException: Index 1 out-of-bounds for length 0
	at java.base/jdk.internal.util.Preconditions.outOfBounds(Preconditions.java:64)
	at java.base/jdk.internal.util.Preconditions.outOfBoundsCheckIndex(Preconditions.java:70)
	at java.base/jdk.internal.util.Preconditions.checkIndex(Preconditions.java:248)
	at java.base/java.util.Objects.checkIndex(Objects.java:372)
	at java.base/java.util.ArrayList.get(ArrayList.java:440)
	at com.BusBot.Parser.GetTimesAB(Parser.java:55)
	at com.BusBot.Bot.handleIncomingMessage(Bot.java:61)
	at com.BusBot.Bot.onUpdateReceived(Bot.java:31)
	at java.base/java.util.ArrayList.forEach(ArrayList.java:1378)
	at org.telegram.telegrambots.generics.LongPollingBot.onUpdatesReceived(LongPollingBot.java:27)
	at org.telegram.telegrambots.updatesreceivers.DefaultBotSession$HandlerThread.run(DefaultBotSession.java:311)
[7_4_2018_22:10:56] {SEVERE} BOTSESSION - java.lang.IndexOutOfBoundsException: Index 3 out-of-bounds for length 3
	at java.base/jdk.internal.util.Preconditions.outOfBounds(Preconditions.java:64)
	at java.base/jdk.internal.util.Preconditions.outOfBoundsCheckIndex(Preconditions.java:70)
	at java.base/jdk.internal.util.Preconditions.checkIndex(Preconditions.java:248)
	at java.base/java.util.Objects.checkIndex(Objects.java:372)
	at java.base/java.util.ArrayList.get(ArrayList.java:440)
	at com.BusBot.Parser.GetTimesBA(Parser.java:70)
	at com.BusBot.Bot.handleIncomingMessage(Bot.java:62)
	at com.BusBot.Bot.onUpdateReceived(Bot.java:31)
	at java.base/java.util.ArrayList.forEach(ArrayList.java:1378)
	at org.telegram.telegrambots.generics.LongPollingBot.onUpdatesReceived(LongPollingBot.java:27)
	at org.telegram.telegrambots.updatesreceivers.DefaultBotSession$HandlerThread.run(DefaultBotSession.java:311)
[7_4_2018_22:11:59] {SEVERE} BOTSESSION - java.lang.IndexOutOfBoundsException: Index 1 out-of-bounds for length 0
	at java.base/jdk.internal.util.Preconditions.outOfBounds(Preconditions.java:64)
	at java.base/jdk.internal.util.Preconditions.outOfBoundsCheckIndex(Preconditions.java:70)
	at java.base/jdk.internal.util.Preconditions.checkIndex(Preconditions.java:248)
	at java.base/java.util.Objects.checkIndex(Objects.java:372)
	at java.base/java.util.ArrayList.get(ArrayList.java:440)
	at com.BusBot.Parser.GetTimesAB(Parser.java:55)
	at com.BusBot.Bot.handleIncomingMessage(Bot.java:61)
	at com.BusBot.Bot.onUpdateReceived(Bot.java:31)
	at java.base/java.util.ArrayList.forEach(ArrayList.java:1378)
	at org.telegram.telegrambots.generics.LongPollingBot.onUpdatesReceived(LongPollingBot.java:27)
	at org.telegram.telegrambots.updatesreceivers.DefaultBotSession$HandlerThread.run(DefaultBotSession.java:311)
[7_4_2018_22:13:23] {SEVERE} BOTSESSION - java.lang.IndexOutOfBoundsException: Index 3 out-of-bounds for length 3
	at java.base/jdk.internal.util.Preconditions.outOfBounds(Preconditions.java:64)
	at java.base/jdk.internal.util.Preconditions.outOfBoundsCheckIndex(Preconditions.java:70)
	at java.base/jdk.internal.util.Preconditions.checkIndex(Preconditions.java:248)
	at java.base/java.util.Objects.checkIndex(Objects.java:372)
	at java.base/java.util.ArrayList.get(ArrayList.java:440)
	at com.BusBot.Parser.GetTimesBA(Parser.java:70)
	at com.BusBot.Bot.handleIncomingMessage(Bot.java:62)
	at com.BusBot.Bot.onUpdateReceived(Bot.java:31)
	at java.base/java.util.ArrayList.forEach(ArrayList.java:1378)
	at org.telegram.telegrambots.generics.LongPollingBot.onUpdatesReceived(LongPollingBot.java:27)
	at org.telegram.telegrambots.updatesreceivers.DefaultBotSession$HandlerThread.run(DefaultBotSession.java:311)
[7_4_2018_22:25:9] {SEVERE} BOTSESSION - java.lang.IndexOutOfBoundsException: Index 3 out-of-bounds for length 3
	at java.base/jdk.internal.util.Preconditions.outOfBounds(Preconditions.java:64)
	at java.base/jdk.internal.util.Preconditions.outOfBoundsCheckIndex(Preconditions.java:70)
	at java.base/jdk.internal.util.Preconditions.checkIndex(Preconditions.java:248)
	at java.base/java.util.Objects.checkIndex(Objects.java:372)
	at java.base/java.util.ArrayList.get(ArrayList.java:440)
	at com.BusBot.Parser.GetTimesBA(Parser.java:71)
	at com.BusBot.Bot.handleIncomingMessage(Bot.java:62)
	at com.BusBot.Bot.onUpdateReceived(Bot.java:31)
	at java.base/java.util.ArrayList.forEach(ArrayList.java:1378)
	at org.telegram.telegrambots.generics.LongPollingBot.onUpdatesReceived(LongPollingBot.java:27)
	at org.telegram.telegrambots.updatesreceivers.DefaultBotSession$HandlerThread.run(DefaultBotSession.java:311)
[7_4_2018_22:26:59] {SEVERE} BOTSESSION - java.lang.IndexOutOfBoundsException: Index 255 out-of-bounds for length 255
	at java.base/jdk.internal.util.Preconditions.outOfBounds(Preconditions.java:64)
	at java.base/jdk.internal.util.Preconditions.outOfBoundsCheckIndex(Preconditions.java:70)
	at java.base/jdk.internal.util.Preconditions.checkIndex(Preconditions.java:248)
	at java.base/java.util.Objects.checkIndex(Objects.java:372)
	at java.base/java.util.ArrayList.get(ArrayList.java:440)
	at com.BusBot.Bot.handleIncomingMessage(Bot.java:79)
	at com.BusBot.Bot.onUpdateReceived(Bot.java:31)
	at java.base/java.util.ArrayList.forEach(ArrayList.java:1378)
	at org.telegram.telegrambots.generics.LongPollingBot.onUpdatesReceived(LongPollingBot.java:27)
	at org.telegram.telegrambots.updatesreceivers.DefaultBotSession$HandlerThread.run(DefaultBotSession.java:311)
[7_4_2018_22:27:47] {SEVERE} BOTSESSION - org.telegram.telegrambots.exceptions.TelegramApiRequestException: Error getting updates: [409] Conflict: terminated by other getUpdates request; make sure that only one bot instance is running
	at org.telegram.telegrambots.api.methods.updates.GetUpdates.deserializeResponse(GetUpdates.java:119)
	at org.telegram.telegrambots.updatesreceivers.DefaultBotSession$ReaderThread.getUpdatesFromServer(DefaultBotSession.java:262)
	at org.telegram.telegrambots.updatesreceivers.DefaultBotSession$ReaderThread.run(DefaultBotSession.java:191)
[7_4_2018_22:27:52] {SEVERE} BOTSESSION - org.telegram.telegrambots.exceptions.TelegramApiRequestException: Error getting updates: [409] Conflict: terminated by other getUpdates request; make sure that only one bot instance is running
	at org.telegram.telegrambots.api.methods.updates.GetUpdates.deserializeResponse(GetUpdates.java:119)
	at org.telegram.telegrambots.updatesreceivers.DefaultBotSession$ReaderThread.getUpdatesFromServer(DefaultBotSession.java:262)
	at org.telegram.telegrambots.updatesreceivers.DefaultBotSession$ReaderThread.run(DefaultBotSession.java:191)
[7_4_2018_22:27:55] {SEVERE} BOTSESSION - java.lang.IndexOutOfBoundsException: Index 255 out-of-bounds for length 255
	at java.base/jdk.internal.util.Preconditions.outOfBounds(Preconditions.java:64)
	at java.base/jdk.internal.util.Preconditions.outOfBoundsCheckIndex(Preconditions.java:70)
	at java.base/jdk.internal.util.Preconditions.checkIndex(Preconditions.java:248)
	at java.base/java.util.Objects.checkIndex(Objects.java:372)
	at java.base/java.util.ArrayList.get(ArrayList.java:440)
	at com.BusBot.Bot.handleIncomingMessage(Bot.java:79)
	at com.BusBot.Bot.onUpdateReceived(Bot.java:31)
	at java.base/java.util.ArrayList.forEach(ArrayList.java:1378)
	at org.telegram.telegrambots.generics.LongPollingBot.onUpdatesReceived(LongPollingBot.java:27)
	at org.telegram.telegrambots.updatesreceivers.DefaultBotSession$HandlerThread.run(DefaultBotSession.java:311)
[7_4_2018_22:27:57] {SEVERE} BOTSESSION - org.telegram.telegrambots.exceptions.TelegramApiRequestException: Error getting updates: [409] Conflict: terminated by other getUpdates request; make sure that only one bot instance is running
	at org.telegram.telegrambots.api.methods.updates.GetUpdates.deserializeResponse(GetUpdates.java:119)
	at org.telegram.telegrambots.updatesreceivers.DefaultBotSession$ReaderThread.getUpdatesFromServer(DefaultBotSession.java:262)
	at org.telegram.telegrambots.updatesreceivers.DefaultBotSession$ReaderThread.run(DefaultBotSession.java:191)
[7_4_2018_22:28:1] {SEVERE} BOTSESSION - org.telegram.telegrambots.exceptions.TelegramApiRequestException: Error getting updates: [409] Conflict: terminated by other getUpdates request; make sure that only one bot instance is running
	at org.telegram.telegrambots.api.methods.updates.GetUpdates.deserializeResponse(GetUpdates.java:119)
	at org.telegram.telegrambots.updatesreceivers.DefaultBotSession$ReaderThread.getUpdatesFromServer(DefaultBotSession.java:262)
	at org.telegram.telegrambots.updatesreceivers.DefaultBotSession$ReaderThread.run(DefaultBotSession.java:191)
[7_4_2018_22:28:5] {SEVERE} BOTSESSION - org.telegram.telegrambots.exceptions.TelegramApiRequestException: Error getting updates: [409] Conflict: terminated by other getUpdates request; make sure that only one bot instance is running
	at org.telegram.telegrambots.api.methods.updates.GetUpdates.deserializeResponse(GetUpdates.java:119)
	at org.telegram.telegrambots.updatesreceivers.DefaultBotSession$ReaderThread.getUpdatesFromServer(DefaultBotSession.java:262)
	at org.telegram.telegrambots.updatesreceivers.DefaultBotSession$ReaderThread.run(DefaultBotSession.java:191)
[7_4_2018_22:28:9] {SEVERE} BOTSESSION - org.telegram.telegrambots.exceptions.TelegramApiRequestException: Error getting updates: [409] Conflict: terminated by other getUpdates request; make sure that only one bot instance is running
	at org.telegram.telegrambots.api.methods.updates.GetUpdates.deserializeResponse(GetUpdates.java:119)
	at org.telegram.telegrambots.updatesreceivers.DefaultBotSession$ReaderThread.getUpdatesFromServer(DefaultBotSession.java:262)
	at org.telegram.telegrambots.updatesreceivers.DefaultBotSession$ReaderThread.run(DefaultBotSession.java:191)
[7_4_2018_22:28:27] {SEVERE} BOTSESSION - java.lang.IndexOutOfBoundsException: Index 255 out-of-bounds for length 255
	at java.base/jdk.internal.util.Preconditions.outOfBounds(Preconditions.java:64)
	at java.base/jdk.internal.util.Preconditions.outOfBoundsCheckIndex(Preconditions.java:70)
	at java.base/jdk.internal.util.Preconditions.checkIndex(Preconditions.java:248)
	at java.base/java.util.Objects.checkIndex(Objects.java:372)
	at java.base/java.util.ArrayList.get(ArrayList.java:440)
	at com.BusBot.Bot.handleIncomingMessage(Bot.java:79)
	at com.BusBot.Bot.onUpdateReceived(Bot.java:31)
	at java.base/java.util.ArrayList.forEach(ArrayList.java:1378)
	at org.telegram.telegrambots.generics.LongPollingBot.onUpdatesReceived(LongPollingBot.java:27)
	at org.telegram.telegrambots.updatesreceivers.DefaultBotSession$HandlerThread.run(DefaultBotSession.java:311)
[7_4_2018_22:30:33] {SEVERE} BOTSESSION - java.lang.IndexOutOfBoundsException: Index 255 out-of-bounds for length 255
	at java.base/jdk.internal.util.Preconditions.outOfBounds(Preconditions.java:64)
	at java.base/jdk.internal.util.Preconditions.outOfBoundsCheckIndex(Preconditions.java:70)
	at java.base/jdk.internal.util.Preconditions.checkIndex(Preconditions.java:248)
	at java.base/java.util.Objects.checkIndex(Objects.java:372)
	at java.base/java.util.ArrayList.get(ArrayList.java:440)
	at com.BusBot.Bot.handleIncomingMessage(Bot.java:79)
	at com.BusBot.Bot.onUpdateReceived(Bot.java:31)
	at java.base/java.util.ArrayList.forEach(ArrayList.java:1378)
	at org.telegram.telegrambots.generics.LongPollingBot.onUpdatesReceived(LongPollingBot.java:27)
	at org.telegram.telegrambots.updatesreceivers.DefaultBotSession$HandlerThread.run(DefaultBotSession.java:311)
[7_4_2018_22:31:38] {SEVERE} BOTSESSION - java.lang.IndexOutOfBoundsException: Index 255 out-of-bounds for length 255
	at java.base/jdk.internal.util.Preconditions.outOfBounds(Preconditions.java:64)
	at java.base/jdk.internal.util.Preconditions.outOfBoundsCheckIndex(Preconditions.java:70)
	at java.base/jdk.internal.util.Preconditions.checkIndex(Preconditions.java:248)
	at java.base/java.util.Objects.checkIndex(Objects.java:372)
	at java.base/java.util.ArrayList.get(ArrayList.java:440)
	at com.BusBot.Bot.handleIncomingMessage(Bot.java:79)
	at com.BusBot.Bot.onUpdateReceived(Bot.java:31)
	at java.base/java.util.ArrayList.forEach(ArrayList.java:1378)
	at org.telegram.telegrambots.generics.LongPollingBot.onUpdatesReceived(LongPollingBot.java:27)
	at org.telegram.telegrambots.updatesreceivers.DefaultBotSession$HandlerThread.run(DefaultBotSession.java:311)
[7_4_2018_22:32:26] {SEVERE} BOTSESSION - java.lang.IndexOutOfBoundsException: Index 255 out-of-bounds for length 255
	at java.base/jdk.internal.util.Preconditions.outOfBounds(Preconditions.java:64)
	at java.base/jdk.internal.util.Preconditions.outOfBoundsCheckIndex(Preconditions.java:70)
	at java.base/jdk.internal.util.Preconditions.checkIndex(Preconditions.java:248)
	at java.base/java.util.Objects.checkIndex(Objects.java:372)
	at java.base/java.util.ArrayList.get(ArrayList.java:440)
	at com.BusBot.Bot.handleIncomingMessage(Bot.java:79)
	at com.BusBot.Bot.onUpdateReceived(Bot.java:31)
	at java.base/java.util.ArrayList.forEach(ArrayList.java:1378)
	at org.telegram.telegrambots.generics.LongPollingBot.onUpdatesReceived(LongPollingBot.java:27)
	at org.telegram.telegrambots.updatesreceivers.DefaultBotSession$HandlerThread.run(DefaultBotSession.java:311)
[7_4_2018_22:35:39] {SEVERE} BOTSESSION - java.lang.IndexOutOfBoundsException: Index 255 out-of-bounds for length 255
	at java.base/jdk.internal.util.Preconditions.outOfBounds(Preconditions.java:64)
	at java.base/jdk.internal.util.Preconditions.outOfBoundsCheckIndex(Preconditions.java:70)
	at java.base/jdk.internal.util.Preconditions.checkIndex(Preconditions.java:248)
	at java.base/java.util.Objects.checkIndex(Objects.java:372)
	at java.base/java.util.ArrayList.get(ArrayList.java:440)
	at com.BusBot.Bot.handleIncomingMessage(Bot.java:79)
	at com.BusBot.Bot.onUpdateReceived(Bot.java:31)
	at java.base/java.util.ArrayList.forEach(ArrayList.java:1378)
	at org.telegram.telegrambots.generics.LongPollingBot.onUpdatesReceived(LongPollingBot.java:27)
	at org.telegram.telegrambots.updatesreceivers.DefaultBotSession$HandlerThread.run(DefaultBotSession.java:311)
[7_4_2018_22:36:54] {SEVERE} BOTSESSION - java.lang.IndexOutOfBoundsException: Index 255 out-of-bounds for length 255
	at java.base/jdk.internal.util.Preconditions.outOfBounds(Preconditions.java:64)
	at java.base/jdk.internal.util.Preconditions.outOfBoundsCheckIndex(Preconditions.java:70)
	at java.base/jdk.internal.util.Preconditions.checkIndex(Preconditions.java:248)
	at java.base/java.util.Objects.checkIndex(Objects.java:372)
	at java.base/java.util.ArrayList.get(ArrayList.java:440)
	at com.BusBot.Bot.handleIncomingMessage(Bot.java:79)
	at com.BusBot.Bot.onUpdateReceived(Bot.java:31)
	at java.base/java.util.ArrayList.forEach(ArrayList.java:1378)
	at org.telegram.telegrambots.generics.LongPollingBot.onUpdatesReceived(LongPollingBot.java:27)
	at org.telegram.telegrambots.updatesreceivers.DefaultBotSession$HandlerThread.run(DefaultBotSession.java:311)
[7_4_2018_22:37:11] {SEVERE} BOTSESSION - java.lang.IndexOutOfBoundsException: Index 255 out-of-bounds for length 255
	at java.base/jdk.internal.util.Preconditions.outOfBounds(Preconditions.java:64)
	at java.base/jdk.internal.util.Preconditions.outOfBoundsCheckIndex(Preconditions.java:70)
	at java.base/jdk.internal.util.Preconditions.checkIndex(Preconditions.java:248)
	at java.base/java.util.Objects.checkIndex(Objects.java:372)
	at java.base/java.util.ArrayList.get(ArrayList.java:440)
	at com.BusBot.Bot.handleIncomingMessage(Bot.java:79)
	at com.BusBot.Bot.onUpdateReceived(Bot.java:31)
	at java.base/java.util.ArrayList.forEach(ArrayList.java:1378)
	at org.telegram.telegrambots.generics.LongPollingBot.onUpdatesReceived(LongPollingBot.java:27)
	at org.telegram.telegrambots.updatesreceivers.DefaultBotSession$HandlerThread.run(DefaultBotSession.java:311)
[7_4_2018_22:37:27] {SEVERE} BOTSESSION - java.lang.IndexOutOfBoundsException: Index 255 out-of-bounds for length 255
	at java.base/jdk.internal.util.Preconditions.outOfBounds(Preconditions.java:64)
	at java.base/jdk.internal.util.Preconditions.outOfBoundsCheckIndex(Preconditions.java:70)
	at java.base/jdk.internal.util.Preconditions.checkIndex(Preconditions.java:248)
	at java.base/java.util.Objects.checkIndex(Objects.java:372)
	at java.base/java.util.ArrayList.get(ArrayList.java:440)
	at com.BusBot.Bot.handleIncomingMessage(Bot.java:79)
	at com.BusBot.Bot.onUpdateReceived(Bot.java:31)
	at java.base/java.util.ArrayList.forEach(ArrayList.java:1378)
	at org.telegram.telegrambots.generics.LongPollingBot.onUpdatesReceived(LongPollingBot.java:27)
	at org.telegram.telegrambots.updatesreceivers.DefaultBotSession$HandlerThread.run(DefaultBotSession.java:311)
[7_4_2018_22:38:23] {SEVERE} BOTSESSION - java.lang.IndexOutOfBoundsException: Index 255 out-of-bounds for length 255
	at java.base/jdk.internal.util.Preconditions.outOfBounds(Preconditions.java:64)
	at java.base/jdk.internal.util.Preconditions.outOfBoundsCheckIndex(Preconditions.java:70)
	at java.base/jdk.internal.util.Preconditions.checkIndex(Preconditions.java:248)
	at java.base/java.util.Objects.checkIndex(Objects.java:372)
	at java.base/java.util.ArrayList.get(ArrayList.java:440)
	at com.BusBot.Bot.handleIncomingMessage(Bot.java:79)
	at com.BusBot.Bot.onUpdateReceived(Bot.java:31)
	at java.base/java.util.ArrayList.forEach(ArrayList.java:1378)
	at org.telegram.telegrambots.generics.LongPollingBot.onUpdatesReceived(LongPollingBot.java:27)
	at org.telegram.telegrambots.updatesreceivers.DefaultBotSession$HandlerThread.run(DefaultBotSession.java:311)
[7_4_2018_22:39:16] {SEVERE} BOTSESSION - java.lang.IndexOutOfBoundsException: Index 255 out-of-bounds for length 255
	at java.base/jdk.internal.util.Preconditions.outOfBounds(Preconditions.java:64)
	at java.base/jdk.internal.util.Preconditions.outOfBoundsCheckIndex(Preconditions.java:70)
	at java.base/jdk.internal.util.Preconditions.checkIndex(Preconditions.java:248)
	at java.base/java.util.Objects.checkIndex(Objects.java:372)
	at java.base/java.util.ArrayList.get(ArrayList.java:440)
	at com.BusBot.Bot.handleIncomingMessage(Bot.java:81)
	at com.BusBot.Bot.onUpdateReceived(Bot.java:31)
	at java.base/java.util.ArrayList.forEach(ArrayList.java:1378)
	at org.telegram.telegrambots.generics.LongPollingBot.onUpdatesReceived(LongPollingBot.java:27)
	at org.telegram.telegrambots.updatesreceivers.DefaultBotSession$HandlerThread.run(DefaultBotSession.java:311)
[7_4_2018_22:40:20] {SEVERE} BOTSESSION - java.lang.IndexOutOfBoundsException: Index 255 out-of-bounds for length 255
	at java.base/jdk.internal.util.Preconditions.outOfBounds(Preconditions.java:64)
	at java.base/jdk.internal.util.Preconditions.outOfBoundsCheckIndex(Preconditions.java:70)
	at java.base/jdk.internal.util.Preconditions.checkIndex(Preconditions.java:248)
	at java.base/java.util.Objects.checkIndex(Objects.java:372)
	at java.base/java.util.ArrayList.get(ArrayList.java:440)
	at com.BusBot.Bot.handleIncomingMessage(Bot.java:82)
	at com.BusBot.Bot.onUpdateReceived(Bot.java:31)
	at java.base/java.util.ArrayList.forEach(ArrayList.java:1378)
	at org.telegram.telegrambots.generics.LongPollingBot.onUpdatesReceived(LongPollingBot.java:27)
	at org.telegram.telegrambots.updatesreceivers.DefaultBotSession$HandlerThread.run(DefaultBotSession.java:311)
[7_4_2018_22:40:47] {SEVERE} BOTSESSION - java.lang.IndexOutOfBoundsException: Index 255 out-of-bounds for length 255
	at java.base/jdk.internal.util.Preconditions.outOfBounds(Preconditions.java:64)
	at java.base/jdk.internal.util.Preconditions.outOfBoundsCheckIndex(Preconditions.java:70)
	at java.base/jdk.internal.util.Preconditions.checkIndex(Preconditions.java:248)
	at java.base/java.util.Objects.checkIndex(Objects.java:372)
	at java.base/java.util.ArrayList.get(ArrayList.java:440)
	at com.BusBot.Bot.handleIncomingMessage(Bot.java:82)
	at com.BusBot.Bot.onUpdateReceived(Bot.java:31)
	at java.base/java.util.ArrayList.forEach(ArrayList.java:1378)
	at org.telegram.telegrambots.generics.LongPollingBot.onUpdatesReceived(LongPollingBot.java:27)
	at org.telegram.telegrambots.updatesreceivers.DefaultBotSession$HandlerThread.run(DefaultBotSession.java:311)
[7_4_2018_22:43:0] {SEVERE} BOTSESSION - java.lang.IndexOutOfBoundsException: Index 255 out-of-bounds for length 255
	at java.base/jdk.internal.util.Preconditions.outOfBounds(Preconditions.java:64)
	at java.base/jdk.internal.util.Preconditions.outOfBoundsCheckIndex(Preconditions.java:70)
	at java.base/jdk.internal.util.Preconditions.checkIndex(Preconditions.java:248)
	at java.base/java.util.Objects.checkIndex(Objects.java:372)
	at java.base/java.util.ArrayList.get(ArrayList.java:440)
	at com.BusBot.Bot.handleIncomingMessage(Bot.java:82)
	at com.BusBot.Bot.onUpdateReceived(Bot.java:31)
	at java.base/java.util.ArrayList.forEach(ArrayList.java:1378)
	at org.telegram.telegrambots.generics.LongPollingBot.onUpdatesReceived(LongPollingBot.java:27)
	at org.telegram.telegrambots.updatesreceivers.DefaultBotSession$HandlerThread.run(DefaultBotSession.java:311)
[7_4_2018_22:51:7] {SEVERE} BOTSESSION - java.lang.IndexOutOfBoundsException: Index 255 out-of-bounds for length 255
	at java.base/jdk.internal.util.Preconditions.outOfBounds(Preconditions.java:64)
	at java.base/jdk.internal.util.Preconditions.outOfBoundsCheckIndex(Preconditions.java:70)
	at java.base/jdk.internal.util.Preconditions.checkIndex(Preconditions.java:248)
	at java.base/java.util.Objects.checkIndex(Objects.java:372)
	at java.base/java.util.ArrayList.get(ArrayList.java:440)
	at com.BusBot.Bot.handleIncomingMessage(Bot.java:84)
	at com.BusBot.Bot.onUpdateReceived(Bot.java:31)
	at java.base/java.util.ArrayList.forEach(ArrayList.java:1378)
	at org.telegram.telegrambots.generics.LongPollingBot.onUpdatesReceived(LongPollingBot.java:27)
	at org.telegram.telegrambots.updatesreceivers.DefaultBotSession$HandlerThread.run(DefaultBotSession.java:311)
[7_4_2018_22:52:52] {SEVERE} BOTSESSION - java.lang.IndexOutOfBoundsException: Index 255 out-of-bounds for length 255
	at java.base/jdk.internal.util.Preconditions.outOfBounds(Preconditions.java:64)
	at java.base/jdk.internal.util.Preconditions.outOfBoundsCheckIndex(Preconditions.java:70)
	at java.base/jdk.internal.util.Preconditions.checkIndex(Preconditions.java:248)
	at java.base/java.util.Objects.checkIndex(Objects.java:372)
	at java.base/java.util.ArrayList.get(ArrayList.java:440)
	at com.BusBot.Bot.handleIncomingMessage(Bot.java:85)
	at com.BusBot.Bot.onUpdateReceived(Bot.java:31)
	at java.base/java.util.ArrayList.forEach(ArrayList.java:1378)
	at org.telegram.telegrambots.generics.LongPollingBot.onUpdatesReceived(LongPollingBot.java:27)
	at org.telegram.telegrambots.updatesreceivers.DefaultBotSession$HandlerThread.run(DefaultBotSession.java:311)
